[INFO] Scanning for projects...
[INFO] Inspecting build with total of 11 modules...
[INFO] Installing Nexus Staging features:
[INFO]   ... total of 11 executions of maven-deploy-plugin replaced with nexus-staging-maven-plugin
[INFO] ------------------------------------------------------------------------
[INFO] Reactor Build Order:
[INFO] 
[INFO] Asset Share Commons - Reactor Project                              [pom]
[INFO] Asset Share Commons - UI Apps Structure                [content-package]
[INFO] Asset Share Commons - UI Frontend - Light Theme                    [pom]
[INFO] Asset Share Commons - UI Frontend - Dark Theme                     [pom]
[INFO] Asset Share Commons - UI Apps                          [content-package]
[INFO] Asset Share Commons - UI Config                        [content-package]
[INFO] Asset Share Commons - UI Content                       [content-package]
[INFO] Asset Share Commons - Core                                         [jar]
[INFO] Asset Share Commons - All                              [content-package]
[INFO] Asset Share Commons - Dispatcher                                   [pom]
[INFO] Asset Share Commons - UI Sample Content                [content-package]
[INFO] 
[INFO] ------------------< com.adobe.aem.commons:assetshare >------------------
[INFO] Building Asset Share Commons - Reactor Project 3.8.13-SNAPSHOT    [1/11]
[INFO]   from pom.xml
[INFO] --------------------------------[ pom ]---------------------------------
[INFO] 
[INFO] --- clean:3.4.0:clean (default-clean) @ assetshare ---
[INFO] 
[INFO] --- enforcer:3.5.0:enforce (enforce-maven) @ assetshare ---
[INFO] Skipping Rule Enforcement.
[INFO] 
[INFO] ---------< com.adobe.aem.commons:assetshare.ui.apps.structure >---------
[INFO] Building Asset Share Commons - UI Apps Structure 3.8.13-SNAPSHOT  [2/11]
[INFO]   from ui.apps.structure/pom.xml
[INFO] --------------------------[ content-package ]---------------------------
[INFO] 
[INFO] --- clean:3.4.0:clean (default-clean) @ assetshare.ui.apps.structure ---
[INFO] 
[INFO] --- enforcer:3.5.0:enforce (enforce-maven) @ assetshare.ui.apps.structure ---
[INFO] Skipping Rule Enforcement.
[INFO] 
[INFO] --- resources:3.3.1:resources (default-resources) @ assetshare.ui.apps.structure ---
[INFO] skip non existing resourceDirectory /ramdisk/code/ui.apps.structure/src/main/resources
[INFO] 
[INFO] --- compiler:3.13.0:compile (default-compile) @ assetshare.ui.apps.structure ---
[INFO] No sources to compile
[INFO] 
[INFO] --- filevault-package:1.3.6:generate-metadata (default-generate-metadata) @ assetshare.ui.apps.structure ---
[INFO] Auto-detected package type: application
[INFO] Generating filter.xml from plugin configuration
[INFO] 
[INFO] --- filevault-package:1.3.6:validate-files (default-validate-files) @ assetshare.ui.apps.structure ---
[INFO] Skip this goal as this is not an incremental build and 'validate-package' is executed later on!
[INFO] 
[INFO] --- resources:3.3.1:testResources (default-testResources) @ assetshare.ui.apps.structure ---
[INFO] skip non existing resourceDirectory /ramdisk/code/ui.apps.structure/src/test/resources
[INFO] 
[INFO] --- compiler:3.13.0:testCompile (default-testCompile) @ assetshare.ui.apps.structure ---
[INFO] No sources to compile
[INFO] 
[INFO] --- surefire:3.3.1:test (default-test) @ assetshare.ui.apps.structure ---
[INFO] No tests to run.
[INFO] 
[INFO] --- filevault-package:1.3.6:package (default-package) @ assetshare.ui.apps.structure ---
[INFO] Building content-package: /ramdisk/code/ui.apps.structure/target/assetshare.ui.apps.structure-3.8.13-SNAPSHOT.zip
[INFO] 
[INFO] --- filevault-package:1.3.6:validate-package (default-validate-package) @ assetshare.ui.apps.structure ---
[INFO] Start validating package 'target/assetshare.ui.apps.structure-3.8.13-SNAPSHOT.zip'...
[INFO] Due to package type 'application' emit error for every undefined filter root ancestor
[INFO] Using 12 validators for package of type APPLICATION: jackrabbit-accesscontrol (org.apache.jackrabbit.vault.validation.spi.impl.AccessControlValidator), jackrabbit-filter (org.apache.jackrabbit.vault.validation.spi.impl.AdvancedFilterValidator), jackrabbit-properties (org.apache.jackrabbit.vault.validation.spi.impl.AdvancedPropertiesValidator), jackrabbit-docviewparser (org.apache.jackrabbit.vault.validation.spi.impl.DocumentViewParserValidator), jackrabbit-dependencies (org.apache.jackrabbit.vault.validation.spi.impl.DependencyValidator), jackrabbit-duplicateuuid (org.apache.jackrabbit.vault.validation.spi.impl.DuplicateUuidValidator), jackrabbit-emptyelements (org.apache.jackrabbit.vault.validation.spi.impl.EmptyElementsValidator), jackrabbit-mergelimitations (org.apache.jackrabbit.vault.validation.spi.impl.MergeLimitationsValidator), jackrabbit-oakindex (org.apache.jackrabbit.vault.validation.spi.impl.OakIndexDefinitionValidator), jackrabbit-overlappingfilter (org.apache.jackrabbit.vault.validation.spi.impl.OverlappingFilterValidator), jackrabbit-packagetype (org.apache.jackrabbit.vault.validation.spi.impl.PackageTypeValidator), jackrabbit-nodetypes (org.apache.jackrabbit.vault.validation.spi.impl.nodetype.NodeTypeValidator)
[WARNING] ValidationViolation: Found orphaned filter entries: entry with root '/apps', entry with root '/apps/asset-share-commons', validator: jackrabbit-filter
[INFO] 
[INFO] ------< com.adobe.aem.commons:assetshare.ui.frontend.theme.light >------
[INFO] Building Asset Share Commons - UI Frontend - Light Theme 3.8.13-SNAPSHOT [3/11]
[INFO]   from ui.frontend.theme.light/pom.xml
[INFO] --------------------------------[ pom ]---------------------------------
[INFO] 
[INFO] --- clean:3.4.0:clean (default-clean) @ assetshare.ui.frontend.theme.light ---
[INFO] 
[INFO] --- enforcer:3.5.0:enforce (enforce-maven) @ assetshare.ui.frontend.theme.light ---
[INFO] Skipping Rule Enforcement.
[INFO] 
[INFO] --- assembly:3.7.1:single (default) @ assetshare.ui.frontend.theme.light ---
[INFO] Reading assembly descriptor: assembly.xml
[INFO] Building zip: /ramdisk/code/ui.frontend.theme.light/target/assetshare.ui.frontend.theme.light-3.8.13-SNAPSHOT.zip
[INFO] 
[INFO] ------< com.adobe.aem.commons:assetshare.ui.frontend.theme.dark >-------
[INFO] Building Asset Share Commons - UI Frontend - Dark Theme 3.8.13-SNAPSHOT [4/11]
[INFO]   from ui.frontend.theme.dark/pom.xml
[INFO] --------------------------------[ pom ]---------------------------------
[INFO] 
[INFO] --- clean:3.4.0:clean (default-clean) @ assetshare.ui.frontend.theme.dark ---
[INFO] 
[INFO] --- enforcer:3.5.0:enforce (enforce-maven) @ assetshare.ui.frontend.theme.dark ---
[INFO] Skipping Rule Enforcement.
[INFO] 
[INFO] --- assembly:3.7.1:single (default) @ assetshare.ui.frontend.theme.dark ---
[INFO] Reading assembly descriptor: assembly.xml
[INFO] Building zip: /ramdisk/code/ui.frontend.theme.dark/target/assetshare.ui.frontend.theme.dark-3.8.13-SNAPSHOT.zip
[INFO] 
[INFO] --------------< com.adobe.aem.commons:assetshare.ui.apps >--------------
[INFO] Building Asset Share Commons - UI Apps 3.8.13-SNAPSHOT            [5/11]
[INFO]   from ui.apps/pom.xml
[INFO] --------------------------[ content-package ]---------------------------
[INFO] 
[INFO] --- clean:3.4.0:clean (default-clean) @ assetshare.ui.apps ---
[INFO] 
[INFO] --- enforcer:3.5.0:enforce (enforce-maven) @ assetshare.ui.apps ---
[INFO] Skipping Rule Enforcement.
[INFO] 
[INFO] --- htl:2.0.4-1.4.0:validate (default) @ assetshare.ui.apps ---
[INFO] Source directory does not exist, skipping.
[INFO] 
[INFO] --- resources:3.3.1:resources (default-resources) @ assetshare.ui.apps ---
[INFO] skip non existing resourceDirectory /ramdisk/code/ui.apps/src/main/resources
[INFO] 
[INFO] --- compiler:3.13.0:compile (default-compile) @ assetshare.ui.apps ---
[INFO] Nothing to compile - all classes are up to date.
[INFO] 
[INFO] --- filevault-package:1.3.6:generate-metadata (default-generate-metadata) @ assetshare.ui.apps ---
[INFO] Using META-INF/vault from /ramdisk/code/ui.apps/src/main/content/META-INF/vault
[INFO] Loading filter from /ramdisk/code/ui.apps/src/main/content/META-INF/vault/filter.xml
[INFO] 
[INFO] --- filevault-package:1.3.6:validate-files (default-validate-files) @ assetshare.ui.apps ---
[INFO] Skip this goal as this is not an incremental build and 'validate-package' is executed later on!
[INFO] 
[INFO] --- resources:3.3.1:testResources (default-testResources) @ assetshare.ui.apps ---
[INFO] skip non existing resourceDirectory /ramdisk/code/ui.apps/src/test/resources
[INFO] 
[INFO] --- compiler:3.13.0:testCompile (default-testCompile) @ assetshare.ui.apps ---
[INFO] No sources to compile
[INFO] 
[INFO] --- surefire:3.3.1:test (default-test) @ assetshare.ui.apps ---
[INFO] No tests to run.
[INFO] 
[INFO] --- filevault-package:1.3.6:package (default-package) @ assetshare.ui.apps ---
[INFO] Using META-INF/vault from /ramdisk/code/ui.apps/src/main/content/META-INF/vault
[WARNING] Found duplicate file 'META-INF/vault/definition/.content.xml' from sources 'src/main/content/META-INF/vault/definition/.content.xml' and 'target/vault-work/META-INF/vault/definition/.content.xml'.
[INFO] Packaging content from 'src/main/content/jcr_root'
[INFO] Building content-package: /ramdisk/code/ui.apps/target/asset-share-commons.ui.apps-3.8.13-SNAPSHOT.zip
[INFO] 
[INFO] --- filevault-package:1.3.6:validate-package (default-validate-package) @ assetshare.ui.apps ---
[INFO] Start validating package 'target/asset-share-commons.ui.apps-3.8.13-SNAPSHOT.zip'...
[INFO] Due to package type 'application' emit error for every undefined filter root ancestor
[INFO] Using 12 validators for package of type APPLICATION: jackrabbit-accesscontrol (org.apache.jackrabbit.vault.validation.spi.impl.AccessControlValidator), jackrabbit-filter (org.apache.jackrabbit.vault.validation.spi.impl.AdvancedFilterValidator), jackrabbit-properties (org.apache.jackrabbit.vault.validation.spi.impl.AdvancedPropertiesValidator), jackrabbit-docviewparser (org.apache.jackrabbit.vault.validation.spi.impl.DocumentViewParserValidator), jackrabbit-dependencies (org.apache.jackrabbit.vault.validation.spi.impl.DependencyValidator), jackrabbit-duplicateuuid (org.apache.jackrabbit.vault.validation.spi.impl.DuplicateUuidValidator), jackrabbit-emptyelements (org.apache.jackrabbit.vault.validation.spi.impl.EmptyElementsValidator), jackrabbit-mergelimitations (org.apache.jackrabbit.vault.validation.spi.impl.MergeLimitationsValidator), jackrabbit-oakindex (org.apache.jackrabbit.vault.validation.spi.impl.OakIndexDefinitionValidator), jackrabbit-overlappingfilter (org.apache.jackrabbit.vault.validation.spi.impl.OverlappingFilterValidator), jackrabbit-packagetype (org.apache.jackrabbit.vault.validation.spi.impl.PackageTypeValidator), jackrabbit-nodetypes (org.apache.jackrabbit.vault.validation.spi.impl.nodetype.NodeTypeValidator)
[INFO] 
[INFO] -------------< com.adobe.aem.commons:assetshare.ui.config >-------------
[INFO] Building Asset Share Commons - UI Config 3.8.13-SNAPSHOT          [6/11]
[INFO]   from ui.config/pom.xml
[INFO] --------------------------[ content-package ]---------------------------
[INFO] 
[INFO] --- clean:3.4.0:clean (default-clean) @ assetshare.ui.config ---
[INFO] 
[INFO] --- enforcer:3.5.0:enforce (enforce-maven) @ assetshare.ui.config ---
[INFO] Skipping Rule Enforcement.
[INFO] 
[INFO] --- resources:3.3.1:resources (default-resources) @ assetshare.ui.config ---
[INFO] skip non existing resourceDirectory /ramdisk/code/ui.config/src/main/resources
[INFO] 
[INFO] --- compiler:3.13.0:compile (default-compile) @ assetshare.ui.config ---
[INFO] Nothing to compile - all classes are up to date.
[INFO] 
[INFO] --- filevault-package:1.3.6:generate-metadata (default-generate-metadata) @ assetshare.ui.config ---
[INFO] Using META-INF/vault from /ramdisk/code/ui.config/src/main/content/META-INF/vault
[INFO] Loading filter from /ramdisk/code/ui.config/src/main/content/META-INF/vault/filter.xml
[INFO] 
[INFO] --- filevault-package:1.3.6:validate-files (default-validate-files) @ assetshare.ui.config ---
[INFO] Skip this goal as this is not an incremental build and 'validate-package' is executed later on!
[INFO] 
[INFO] --- resources:3.3.1:testResources (default-testResources) @ assetshare.ui.config ---
[INFO] skip non existing resourceDirectory /ramdisk/code/ui.config/src/test/resources
[INFO] 
[INFO] --- compiler:3.13.0:testCompile (default-testCompile) @ assetshare.ui.config ---
[INFO] No sources to compile
[INFO] 
[INFO] --- surefire:3.3.1:test (default-test) @ assetshare.ui.config ---
[INFO] No tests to run.
[INFO] 
[INFO] --- filevault-package:1.3.6:package (default-package) @ assetshare.ui.config ---
[INFO] Using META-INF/vault from /ramdisk/code/ui.config/src/main/content/META-INF/vault
[WARNING] Found duplicate file 'META-INF/vault/definition/.content.xml' from sources 'src/main/content/META-INF/vault/definition/.content.xml' and 'target/vault-work/META-INF/vault/definition/.content.xml'.
[INFO] Packaging content from 'src/main/content/jcr_root'
[INFO] Building content-package: /ramdisk/code/ui.config/target/asset-share-commons.ui.config-3.8.13-SNAPSHOT.zip
[INFO] 
[INFO] --- filevault-package:1.3.6:validate-package (default-validate-package) @ assetshare.ui.config ---
[INFO] Start validating package 'target/asset-share-commons.ui.config-3.8.13-SNAPSHOT.zip'...
[INFO] Using 12 validators for package of type CONTAINER: jackrabbit-accesscontrol (org.apache.jackrabbit.vault.validation.spi.impl.AccessControlValidator), jackrabbit-filter (org.apache.jackrabbit.vault.validation.spi.impl.AdvancedFilterValidator), jackrabbit-properties (org.apache.jackrabbit.vault.validation.spi.impl.AdvancedPropertiesValidator), jackrabbit-docviewparser (org.apache.jackrabbit.vault.validation.spi.impl.DocumentViewParserValidator), jackrabbit-dependencies (org.apache.jackrabbit.vault.validation.spi.impl.DependencyValidator), jackrabbit-duplicateuuid (org.apache.jackrabbit.vault.validation.spi.impl.DuplicateUuidValidator), jackrabbit-emptyelements (org.apache.jackrabbit.vault.validation.spi.impl.EmptyElementsValidator), jackrabbit-mergelimitations (org.apache.jackrabbit.vault.validation.spi.impl.MergeLimitationsValidator), jackrabbit-oakindex (org.apache.jackrabbit.vault.validation.spi.impl.OakIndexDefinitionValidator), jackrabbit-overlappingfilter (org.apache.jackrabbit.vault.validation.spi.impl.OverlappingFilterValidator), jackrabbit-packagetype (org.apache.jackrabbit.vault.validation.spi.impl.PackageTypeValidator), jackrabbit-nodetypes (org.apache.jackrabbit.vault.validation.spi.impl.nodetype.NodeTypeValidator)
[INFO] 
[INFO] ------------< com.adobe.aem.commons:assetshare.ui.content >-------------
[INFO] Building Asset Share Commons - UI Content 3.8.13-SNAPSHOT         [7/11]
[INFO]   from ui.content/pom.xml
[INFO] --------------------------[ content-package ]---------------------------
[INFO] 
[INFO] --- clean:3.4.0:clean (default-clean) @ assetshare.ui.content ---
[INFO] 
[INFO] --- enforcer:3.5.0:enforce (enforce-maven) @ assetshare.ui.content ---
[INFO] Skipping Rule Enforcement.
[INFO] 
[INFO] --- resources:3.3.1:resources (default-resources) @ assetshare.ui.content ---
[INFO] skip non existing resourceDirectory /ramdisk/code/ui.content/src/main/resources
[INFO] 
[INFO] --- compiler:3.13.0:compile (default-compile) @ assetshare.ui.content ---
[INFO] No sources to compile
[INFO] 
[INFO] --- filevault-package:1.3.6:generate-metadata (default-generate-metadata) @ assetshare.ui.content ---
[INFO] Using META-INF/vault from /ramdisk/code/ui.content/src/main/content/META-INF/vault
[INFO] Loading filter from /ramdisk/code/ui.content/src/main/content/META-INF/vault/filter.xml
[INFO] 
[INFO] --- filevault-package:1.3.6:validate-files (default-validate-files) @ assetshare.ui.content ---
[INFO] Skip this goal as this is not an incremental build and 'validate-package' is executed later on!
[INFO] 
[INFO] --- resources:3.3.1:testResources (default-testResources) @ assetshare.ui.content ---
[INFO] skip non existing resourceDirectory /ramdisk/code/ui.content/src/test/resources
[INFO] 
[INFO] --- compiler:3.13.0:testCompile (default-testCompile) @ assetshare.ui.content ---
[INFO] No sources to compile
[INFO] 
[INFO] --- surefire:3.3.1:test (default-test) @ assetshare.ui.content ---
[INFO] No tests to run.
[INFO] 
[INFO] --- filevault-package:1.3.6:package (default-package) @ assetshare.ui.content ---
[INFO] Using META-INF/vault from /ramdisk/code/ui.content/src/main/content/META-INF/vault
[WARNING] Found duplicate file 'META-INF/vault/definition/.content.xml' from sources 'src/main/content/META-INF/vault/definition/.content.xml' and 'target/vault-work/META-INF/vault/definition/.content.xml'.
[INFO] Packaging content from 'src/main/content/jcr_root'
[INFO] Building content-package: /ramdisk/code/ui.content/target/asset-share-commons.ui.content-3.8.13-SNAPSHOT.zip
[INFO] 
[INFO] --- filevault-package:1.3.6:validate-package (default-validate-package) @ assetshare.ui.content ---
[INFO] Start validating package 'target/asset-share-commons.ui.content-3.8.13-SNAPSHOT.zip'...
[INFO] Using 12 validators for package of type CONTENT: jackrabbit-accesscontrol (org.apache.jackrabbit.vault.validation.spi.impl.AccessControlValidator), jackrabbit-filter (org.apache.jackrabbit.vault.validation.spi.impl.AdvancedFilterValidator), jackrabbit-properties (org.apache.jackrabbit.vault.validation.spi.impl.AdvancedPropertiesValidator), jackrabbit-docviewparser (org.apache.jackrabbit.vault.validation.spi.impl.DocumentViewParserValidator), jackrabbit-dependencies (org.apache.jackrabbit.vault.validation.spi.impl.DependencyValidator), jackrabbit-duplicateuuid (org.apache.jackrabbit.vault.validation.spi.impl.DuplicateUuidValidator), jackrabbit-emptyelements (org.apache.jackrabbit.vault.validation.spi.impl.EmptyElementsValidator), jackrabbit-mergelimitations (org.apache.jackrabbit.vault.validation.spi.impl.MergeLimitationsValidator), jackrabbit-oakindex (org.apache.jackrabbit.vault.validation.spi.impl.OakIndexDefinitionValidator), jackrabbit-overlappingfilter (org.apache.jackrabbit.vault.validation.spi.impl.OverlappingFilterValidator), jackrabbit-packagetype (org.apache.jackrabbit.vault.validation.spi.impl.PackageTypeValidator), jackrabbit-nodetypes (org.apache.jackrabbit.vault.validation.spi.impl.nodetype.NodeTypeValidator)
[INFO] 
[INFO] ---------------< com.adobe.aem.commons:assetshare.core >----------------
[INFO] Building Asset Share Commons - Core 3.8.13-SNAPSHOT               [8/11]
[INFO]   from core/pom.xml
[INFO] --------------------------------[ jar ]---------------------------------
[WARNING] The POM for org.apache.httpcomponents.core5:httpcore5:jar:5.3.x is missing, no dependency information available
[INFO] ------------------------------------------------------------------------
[INFO] Reactor Summary for Asset Share Commons - Reactor Project 3.8.13-SNAPSHOT:
[INFO] 
[INFO] Asset Share Commons - Reactor Project .............. SUCCESS [  0.334 s]
[INFO] Asset Share Commons - UI Apps Structure ............ SUCCESS [  0.678 s]
[INFO] Asset Share Commons - UI Frontend - Light Theme .... SUCCESS [  0.255 s]
[INFO] Asset Share Commons - UI Frontend - Dark Theme ..... SUCCESS [  0.025 s]
[INFO] Asset Share Commons - UI Apps ...................... SUCCESS [  2.142 s]
[INFO] Asset Share Commons - UI Config .................... SUCCESS [  0.099 s]
[INFO] Asset Share Commons - UI Content ................... SUCCESS [  0.314 s]
[INFO] Asset Share Commons - Core ......................... FAILURE [  1.834 s]
[INFO] Asset Share Commons - All .......................... SKIPPED
[INFO] Asset Share Commons - Dispatcher ................... SKIPPED
[INFO] Asset Share Commons - UI Sample Content ............ SKIPPED
[INFO] ------------------------------------------------------------------------
[INFO] BUILD FAILURE
[INFO] ------------------------------------------------------------------------
[INFO] Total time:  7.172 s
[INFO] Finished at: 2024-08-13T09:40:07Z
[INFO] ------------------------------------------------------------------------
[ERROR] Failed to execute goal on project assetshare.core: Could not resolve dependencies for project com.adobe.aem.commons:assetshare.core:jar:3.8.13-SNAPSHOT: The following artifacts could not be resolved: org.apache.httpcomponents.core5:httpcore5:jar:5.3.x (absent): Could not find artifact org.apache.httpcomponents.core5:httpcore5:jar:5.3.x in central (https://repo.maven.apache.org/maven2) -> [Help 1]
[ERROR] 
[ERROR] To see the full stack trace of the errors, re-run Maven with the -e switch.
[ERROR] Re-run Maven using the -X switch to enable full debug logging.
[ERROR] 
[ERROR] For more information about the errors and possible solutions, please read the following articles:
[ERROR] [Help 1] http://cwiki.apache.org/confluence/display/MAVEN/DependencyResolutionException
[ERROR] 
[ERROR] After correcting the problems, you can resume the build with the command
[ERROR]   mvn <args> -rf :assetshare.core
